# JRE version: OpenJDK Runtime Environment (8.0_152-b01) (build 1.8.0_152-release-1248-b01)
# Java VM: OpenJDK 64-Bit Server VM (25.152-b01 mixed mode windows-amd64 compressed oops)
Heap:
 PSYoungGen      total 472576K, used 363921K [0x00000000e0000000, 0x0000000100000000, 0x0000000100000000)
  eden space 429056K, 81% used [0x00000000e0000000,0x00000000f546e5c8,0x00000000fa300000)
  from space 43520K, 35% used [0x00000000fa300000,0x00000000fb1f60b0,0x00000000fcd80000)
  to   space 40960K, 0% used [0x00000000fd800000,0x00000000fd800000,0x0000000100000000)
 ParOldGen       total 200704K, used 164889K [0x00000000a0000000, 0x00000000ac400000, 0x00000000e0000000)
  object space 200704K, 82% used [0x00000000a0000000,0x00000000aa106738,0x00000000ac400000)
 Metaspace       used 134061K, capacity 142286K, committed 142504K, reserved 1173504K
  class space    used 16719K, capacity 18246K, committed 18352K, reserved 1048576K
GC Heap History (10 events):
Event: 2239.489 GC heap before
{Heap before GC invocations=45 (full 4):
 PSYoungGen      total 480768K, used 451732K [0x00000000e0000000, 0x00000000ffa80000, 0x0000000100000000)
  eden space 446976K, 100% used [0x00000000e0000000,0x00000000fb480000,0x00000000fb480000)
  from space 33792K, 14% used [0x00000000fd980000,0x00000000fde252d0,0x00000000ffa80000)
  to   space 35840K, 0% used [0x00000000fb480000,0x00000000fb480000,0x00000000fd780000)
 ParOldGen       total 200704K, used 112746K [0x00000000a0000000, 0x00000000ac400000, 0x00000000e0000000)
  object space 200704K, 56% used [0x00000000a0000000,0x00000000a6e1a970,0x00000000ac400000)
 Metaspace       used 130565K, capacity 137238K, committed 137512K, reserved 1169408K
  class space    used 16306K, capacity 17636K, committed 17712K, reserved 1048576K
Event: 2239.540 GC heap after
Heap after GC invocations=45 (full 4):
 PSYoungGen      total 482816K, used 8121K [0x00000000e0000000, 0x00000000ffe00000, 0x0000000100000000)
  eden space 446976K, 0% used [0x00000000e0000000,0x00000000e0000000,0x00000000fb480000)
  from space 35840K, 22% used [0x00000000fb480000,0x00000000fbc6e6d8,0x00000000fd780000)
  to   space 33792K, 0% used [0x00000000fdd00000,0x00000000fdd00000,0x00000000ffe00000)
 ParOldGen       total 200704K, used 112754K [0x00000000a0000000, 0x00000000ac400000, 0x00000000e0000000)
  object space 200704K, 56% used [0x00000000a0000000,0x00000000a6e1c970,0x00000000ac400000)
 Metaspace       used 130565K, capacity 137238K, committed 137512K, reserved 1169408K
  class space    used 16306K, capacity 17636K, committed 17712K, reserved 1048576K
}
Event: 2266.454 GC heap before
{Heap before GC invocations=46 (full 4):
 PSYoungGen      total 482816K, used 455097K [0x00000000e0000000, 0x00000000ffe00000, 0x0000000100000000)
  eden space 446976K, 100% used [0x00000000e0000000,0x00000000fb480000,0x00000000fb480000)
  from space 35840K, 22% used [0x00000000fb480000,0x00000000fbc6e6d8,0x00000000fd780000)
  to   space 33792K, 0% used [0x00000000fdd00000,0x00000000fdd00000,0x00000000ffe00000)
 ParOldGen       total 200704K, used 112754K [0x00000000a0000000, 0x00000000ac400000, 0x00000000e0000000)
  object space 200704K, 56% used [0x00000000a0000000,0x00000000a6e1c970,0x00000000ac400000)
 Metaspace       used 131219K, capacity 137924K, committed 138024K, reserved 1169408K
  class space    used 16361K, capacity 17693K, committed 17712K, reserved 1048576K
Event: 2266.587 GC heap after
Heap after GC invocations=46 (full 4):
 PSYoungGen      total 459776K, used 33782K [0x00000000e0000000, 0x0000000100000000, 0x0000000100000000)
  eden space 425984K, 0% used [0x00000000e0000000,0x00000000e0000000,0x00000000fa000000)
  from space 33792K, 99% used [0x00000000fdd00000,0x00000000ffdfdb00,0x00000000ffe00000)
  to   space 49152K, 0% used [0x00000000fa000000,0x00000000fa000000,0x00000000fd000000)
 ParOldGen       total 200704K, used 137493K [0x00000000a0000000, 0x00000000ac400000, 0x00000000e0000000)
  object space 200704K, 68% used [0x00000000a0000000,0x00000000a8645778,0x00000000ac400000)
 Metaspace       used 131219K, capacity 137924K, committed 138024K, reserved 1169408K
  class space    used 16361K, capacity 17693K, committed 17712K, reserved 1048576K
}
Event: 2387.444 GC heap before
{Heap before GC invocations=47 (full 4):
 PSYoungGen      total 459776K, used 457023K [0x00000000e0000000, 0x0000000100000000, 0x0000000100000000)
  eden space 425984K, 99% used [0x00000000e0000000,0x00000000f9d523c0,0x00000000fa000000)
  from space 33792K, 99% used [0x00000000fdd00000,0x00000000ffdfdb00,0x00000000ffe00000)
  to   space 49152K, 0% used [0x00000000fa000000,0x00000000fa000000,0x00000000fd000000)
 ParOldGen       total 200704K, used 137493K [0x00000000a0000000, 0x00000000ac400000, 0x00000000e0000000)
  object space 200704K, 68% used [0x00000000a0000000,0x00000000a8645778,0x00000000ac400000)
 Metaspace       used 131901K, capacity 138810K, committed 138920K, reserved 1171456K
  class space    used 16434K, capacity 17806K, committed 17840K, reserved 1048576K
Event: 2387.492 GC heap after
Heap after GC invocations=47 (full 4):
 PSYoungGen      total 475136K, used 14381K [0x00000000e0000000, 0x0000000100000000, 0x0000000100000000)
  eden space 425984K, 0% used [0x00000000e0000000,0x00000000e0000000,0x00000000fa000000)
  from space 49152K, 29% used [0x00000000fa000000,0x00000000fae0b778,0x00000000fd000000)
  to   space 46080K, 0% used [0x00000000fd300000,0x00000000fd300000,0x0000000100000000)
 ParOldGen       total 200704K, used 164873K [0x00000000a0000000, 0x00000000ac400000, 0x00000000e0000000)
  object space 200704K, 82% used [0x00000000a0000000,0x00000000aa102738,0x00000000ac400000)
 Metaspace       used 131901K, capacity 138810K, committed 138920K, reserved 1171456K
  class space    used 16434K, capacity 17806K, committed 17840K, reserved 1048576K
}
Event: 4370.363 GC heap before
{Heap before GC invocations=48 (full 4):
 PSYoungGen      total 475136K, used 440365K [0x00000000e0000000, 0x0000000100000000, 0x0000000100000000)
  eden space 425984K, 100% used [0x00000000e0000000,0x00000000fa000000,0x00000000fa000000)
  from space 49152K, 29% used [0x00000000fa000000,0x00000000fae0b778,0x00000000fd000000)
  to   space 46080K, 0% used [0x00000000fd300000,0x00000000fd300000,0x0000000100000000)
 ParOldGen       total 200704K, used 164873K [0x00000000a0000000, 0x00000000ac400000, 0x00000000e0000000)
  object space 200704K, 82% used [0x00000000a0000000,0x00000000aa102738,0x00000000ac400000)
 Metaspace       used 133248K, capacity 140956K, committed 141096K, reserved 1171456K
  class space    used 16644K, capacity 18099K, committed 18224K, reserved 1048576K
Event: 4370.505 GC heap after
Heap after GC invocations=48 (full 4):
 PSYoungGen      total 466944K, used 15862K [0x00000000e0000000, 0x00000000ff800000, 0x0000000100000000)
  eden space 429056K, 0% used [0x00000000e0000000,0x00000000e0000000,0x00000000fa300000)
  from space 37888K, 41% used [0x00000000fd300000,0x00000000fe27d9e0,0x00000000ff800000)
  to   space 43520K, 0% used [0x00000000fa300000,0x00000000fa300000,0x00000000fcd80000)
 ParOldGen       total 200704K, used 164881K [0x00000000a0000000, 0x00000000ac400000, 0x00000000e0000000)
  object space 200704K, 82% used [0x00000000a0000000,0x00000000aa104738,0x00000000ac400000)
 Metaspace       used 133248K, capacity 140956K, committed 141096K, reserved 1171456K
  class space    used 16644K, capacity 18099K, committed 18224K, reserved 1048576K
}
Event: 4862.073 GC heap before
{Heap before GC invocations=49 (full 4):
 PSYoungGen      total 466944K, used 444918K [0x00000000e0000000, 0x00000000ff800000, 0x0000000100000000)
  eden space 429056K, 100% used [0x00000000e0000000,0x00000000fa300000,0x00000000fa300000)
  from space 37888K, 41% used [0x00000000fd300000,0x00000000fe27d9e0,0x00000000ff800000)
  to   space 43520K, 0% used [0x00000000fa300000,0x00000000fa300000,0x00000000fcd80000)
 ParOldGen       total 200704K, used 164881K [0x00000000a0000000, 0x00000000ac400000, 0x00000000e0000000)
  object space 200704K, 82% used [0x00000000a0000000,0x00000000aa104738,0x00000000ac400000)
 Metaspace       used 133813K, capacity 141844K, committed 141864K, reserved 1173504K
  class space    used 16696K, capacity 18205K, committed 18224K, reserved 1048576K
Event: 4862.527 GC heap after
Heap after GC invocations=49 (full 4):
 PSYoungGen      total 472576K, used 15320K [0x00000000e0000000, 0x0000000100000000, 0x0000000100000000)
  eden space 429056K, 0% used [0x00000000e0000000,0x00000000e0000000,0x00000000fa300000)
  from space 43520K, 35% used [0x00000000fa300000,0x00000000fb1f60b0,0x00000000fcd80000)
  to   space 40960K, 0% used [0x00000000fd800000,0x00000000fd800000,0x0000000100000000)
 ParOldGen       total 200704K, used 164889K [0x00000000a0000000, 0x00000000ac400000, 0x00000000e0000000)
  object space 200704K, 82% used [0x00000000a0000000,0x00000000aa106738,0x00000000ac400000)
 Metaspace       used 133813K, capacity 141844K, committed 141864K, reserved 1173504K
  class space    used 16696K, capacity 18205K, committed 18224K, reserved 1048576K
}

