# JRE version: OpenJDK Runtime Environment (8.0_152-b01) (build 1.8.0_152-release-1248-b01)
# Java VM: OpenJDK 64-Bit Server VM (25.152-b01 mixed mode windows-amd64 compressed oops)
Heap:
 PSYoungGen      total 444928K, used 342925K [0x00000000e0000000, 0x00000000fea80000, 0x0000000100000000)
  eden space 434688K, 76% used [0x00000000e0000000,0x00000000f4517088,0x00000000fa880000)
  from space 10240K, 97% used [0x00000000fbb80000,0x00000000fc54c4a8,0x00000000fc580000)
  to   space 33792K, 0% used [0x00000000fc980000,0x00000000fc980000,0x00000000fea80000)
 ParOldGen       total 163328K, used 88555K [0x00000000a0000000, 0x00000000a9f80000, 0x00000000e0000000)
  object space 163328K, 54% used [0x00000000a0000000,0x00000000a567af80,0x00000000a9f80000)
 Metaspace       used 100924K, capacity 105102K, committed 105520K, reserved 1140736K
  class space    used 12552K, capacity 13509K, committed 13616K, reserved 1048576K
GC Heap History (10 events):
Event: 3414.772 GC heap before
{Heap before GC invocations=19 (full 4):
 PSYoungGen      total 498176K, used 23524K [0x00000000e0000000, 0x0000000100000000, 0x0000000100000000)
  eden space 474624K, 0% used [0x00000000e0000000,0x00000000e0000000,0x00000000fcf80000)
  from space 23552K, 99% used [0x00000000fcf80000,0x00000000fe6791d8,0x00000000fe680000)
  to   space 26112K, 0% used [0x00000000fe680000,0x00000000fe680000,0x0000000100000000)
 ParOldGen       total 104960K, used 69281K [0x00000000a0000000, 0x00000000a6680000, 0x00000000e0000000)
  object space 104960K, 66% used [0x00000000a0000000,0x00000000a43a8560,0x00000000a6680000)
 Metaspace       used 93971K, capacity 98378K, committed 98600K, reserved 1134592K
  class space    used 12165K, capacity 13112K, committed 13232K, reserved 1048576K
Event: 3419.200 GC heap after
Heap after GC invocations=19 (full 4):
 PSYoungGen      total 498176K, used 0K [0x00000000e0000000, 0x0000000100000000, 0x0000000100000000)
  eden space 474624K, 0% used [0x00000000e0000000,0x00000000e0000000,0x00000000fcf80000)
  from space 23552K, 0% used [0x00000000fcf80000,0x00000000fcf80000,0x00000000fe680000)
  to   space 26112K, 0% used [0x00000000fe680000,0x00000000fe680000,0x0000000100000000)
 ParOldGen       total 163328K, used 74163K [0x00000000a0000000, 0x00000000a9f80000, 0x00000000e0000000)
  object space 163328K, 45% used [0x00000000a0000000,0x00000000a486cc90,0x00000000a9f80000)
 Metaspace       used 92942K, capacity 96692K, committed 98600K, reserved 1134592K
  class space    used 11956K, capacity 12766K, committed 13232K, reserved 1048576K
}
Event: 3582.740 GC heap before
{Heap before GC invocations=20 (full 4):
 PSYoungGen      total 498176K, used 472104K [0x00000000e0000000, 0x0000000100000000, 0x0000000100000000)
  eden space 474624K, 99% used [0x00000000e0000000,0x00000000fcd0a100,0x00000000fcf80000)
  from space 23552K, 0% used [0x00000000fcf80000,0x00000000fcf80000,0x00000000fe680000)
  to   space 26112K, 0% used [0x00000000fe680000,0x00000000fe680000,0x0000000100000000)
 ParOldGen       total 163328K, used 74163K [0x00000000a0000000, 0x00000000a9f80000, 0x00000000e0000000)
  object space 163328K, 45% used [0x00000000a0000000,0x00000000a486cc90,0x00000000a9f80000)
 Metaspace       used 97890K, capacity 101820K, committed 102576K, reserved 1138688K
  class space    used 12368K, capacity 13267K, committed 13488K, reserved 1048576K
Event: 3582.965 GC heap after
Heap after GC invocations=20 (full 4):
 PSYoungGen      total 478720K, used 26109K [0x00000000e0000000, 0x0000000100000000, 0x0000000100000000)
  eden space 452608K, 0% used [0x00000000e0000000,0x00000000e0000000,0x00000000fba00000)
  from space 26112K, 99% used [0x00000000fe680000,0x00000000fffff4e8,0x0000000100000000)
  to   space 35840K, 0% used [0x00000000fba00000,0x00000000fba00000,0x00000000fdd00000)
 ParOldGen       total 163328K, used 76627K [0x00000000a0000000, 0x00000000a9f80000, 0x00000000e0000000)
  object space 163328K, 46% used [0x00000000a0000000,0x00000000a4ad4ea0,0x00000000a9f80000)
 Metaspace       used 97890K, capacity 101820K, committed 102576K, reserved 1138688K
  class space    used 12368K, capacity 13267K, committed 13488K, reserved 1048576K
}
Event: 3595.980 GC heap before
{Heap before GC invocations=21 (full 4):
 PSYoungGen      total 478720K, used 478353K [0x00000000e0000000, 0x0000000100000000, 0x0000000100000000)
  eden space 452608K, 99% used [0x00000000e0000000,0x00000000fb9a4f60,0x00000000fba00000)
  from space 26112K, 99% used [0x00000000fe680000,0x00000000fffff4e8,0x0000000100000000)
  to   space 35840K, 0% used [0x00000000fba00000,0x00000000fba00000,0x00000000fdd00000)
 ParOldGen       total 163328K, used 76627K [0x00000000a0000000, 0x00000000a9f80000, 0x00000000e0000000)
  object space 163328K, 46% used [0x00000000a0000000,0x00000000a4ad4ea0,0x00000000a9f80000)
 Metaspace       used 98561K, capacity 102550K, committed 103344K, reserved 1138688K
  class space    used 12398K, capacity 13309K, committed 13488K, reserved 1048576K
Event: 3596.022 GC heap after
Heap after GC invocations=21 (full 4):
 PSYoungGen      total 488448K, used 14128K [0x00000000e0000000, 0x0000000100000000, 0x0000000100000000)
  eden space 452608K, 0% used [0x00000000e0000000,0x00000000e0000000,0x00000000fba00000)
  from space 35840K, 39% used [0x00000000fba00000,0x00000000fc7cc160,0x00000000fdd00000)
  to   space 34304K, 0% used [0x00000000fde80000,0x00000000fde80000,0x0000000100000000)
 ParOldGen       total 163328K, used 85679K [0x00000000a0000000, 0x00000000a9f80000, 0x00000000e0000000)
  object space 163328K, 52% used [0x00000000a0000000,0x00000000a53abe60,0x00000000a9f80000)
 Metaspace       used 98561K, capacity 102550K, committed 103344K, reserved 1138688K
  class space    used 12398K, capacity 13309K, committed 13488K, reserved 1048576K
}
Event: 3601.024 GC heap before
{Heap before GC invocations=22 (full 4):
 PSYoungGen      total 488448K, used 466736K [0x00000000e0000000, 0x0000000100000000, 0x0000000100000000)
  eden space 452608K, 100% used [0x00000000e0000000,0x00000000fba00000,0x00000000fba00000)
  from space 35840K, 39% used [0x00000000fba00000,0x00000000fc7cc160,0x00000000fdd00000)
  to   space 34304K, 0% used [0x00000000fde80000,0x00000000fde80000,0x0000000100000000)
 ParOldGen       total 163328K, used 85679K [0x00000000a0000000, 0x00000000a9f80000, 0x00000000e0000000)
  object space 163328K, 52% used [0x00000000a0000000,0x00000000a53abe60,0x00000000a9f80000)
 Metaspace       used 98810K, capacity 102890K, committed 103600K, reserved 1138688K
  class space    used 12433K, capacity 13337K, committed 13488K, reserved 1048576K
Event: 3601.046 GC heap after
Heap after GC invocations=22 (full 4):
 PSYoungGen      total 487936K, used 1470K [0x00000000e0000000, 0x00000000fff80000, 0x0000000100000000)
  eden space 454144K, 0% used [0x00000000e0000000,0x00000000e0000000,0x00000000fbb80000)
  from space 33792K, 4% used [0x00000000fde80000,0x00000000fdfefb28,0x00000000fff80000)
  to   space 34816K, 0% used [0x00000000fbb80000,0x00000000fbb80000,0x00000000fdd80000)
 ParOldGen       total 163328K, used 87787K [0x00000000a0000000, 0x00000000a9f80000, 0x00000000e0000000)
  object space 163328K, 53% used [0x00000000a0000000,0x00000000a55baf80,0x00000000a9f80000)
 Metaspace       used 98810K, capacity 102890K, committed 103600K, reserved 1138688K
  class space    used 12433K, capacity 13337K, committed 13488K, reserved 1048576K
}
Event: 3617.168 GC heap before
{Heap before GC invocations=23 (full 4):
 PSYoungGen      total 487936K, used 455614K [0x00000000e0000000, 0x00000000fff80000, 0x0000000100000000)
  eden space 454144K, 100% used [0x00000000e0000000,0x00000000fbb80000,0x00000000fbb80000)
  from space 33792K, 4% used [0x00000000fde80000,0x00000000fdfefb28,0x00000000fff80000)
  to   space 34816K, 0% used [0x00000000fbb80000,0x00000000fbb80000,0x00000000fdd80000)
 ParOldGen       total 163328K, used 87787K [0x00000000a0000000, 0x00000000a9f80000, 0x00000000e0000000)
  object space 163328K, 53% used [0x00000000a0000000,0x00000000a55baf80,0x00000000a9f80000)
 Metaspace       used 100437K, capacity 104666K, committed 105008K, reserved 1140736K
  class space    used 12534K, capacity 13505K, committed 13616K, reserved 1048576K
Event: 3617.188 GC heap after
Heap after GC invocations=23 (full 4):
 PSYoungGen      total 444928K, used 10033K [0x00000000e0000000, 0x00000000fea80000, 0x0000000100000000)
  eden space 434688K, 0% used [0x00000000e0000000,0x00000000e0000000,0x00000000fa880000)
  from space 10240K, 97% used [0x00000000fbb80000,0x00000000fc54c4a8,0x00000000fc580000)
  to   space 33792K, 0% used [0x00000000fc980000,0x00000000fc980000,0x00000000fea80000)
 ParOldGen       total 163328K, used 88555K [0x00000000a0000000, 0x00000000a9f80000, 0x00000000e0000000)
  object space 163328K, 54% used [0x00000000a0000000,0x00000000a567af80,0x00000000a9f80000)
 Metaspace       used 100437K, capacity 104666K, committed 105008K, reserved 1140736K
  class space    used 12534K, capacity 13505K, committed 13616K, reserved 1048576K
}

