# JRE version: OpenJDK Runtime Environment (8.0_152-b01) (build 1.8.0_152-release-1248-b01)
# Java VM: OpenJDK 64-Bit Server VM (25.152-b01 mixed mode windows-amd64 compressed oops)
Heap:
 PSYoungGen      total 246784K, used 20547K [0x00000000e0000000, 0x00000000f4780000, 0x0000000100000000)
  eden space 218112K, 0% used [0x00000000e0000000,0x00000000e0142cc0,0x00000000ed500000)
  from space 28672K, 67% used [0x00000000ed500000,0x00000000ee7ce158,0x00000000ef100000)
  to   space 29696K, 0% used [0x00000000f2a80000,0x00000000f2a80000,0x00000000f4780000)
 ParOldGen       total 110592K, used 53195K [0x00000000a0000000, 0x00000000a6c00000, 0x00000000e0000000)
  object space 110592K, 48% used [0x00000000a0000000,0x00000000a33f2e00,0x00000000a6c00000)
 Metaspace       used 78150K, capacity 80789K, committed 81072K, reserved 1120256K
  class space    used 10072K, capacity 10633K, committed 10672K, reserved 1048576K
GC Heap History (10 events):
Event: 155.464 GC heap before
{Heap before GC invocations=26 (full 3):
 PSYoungGen      total 153600K, used 139982K [0x00000000e0000000, 0x00000000eb300000, 0x0000000100000000)
  eden space 123904K, 99% used [0x00000000e0000000,0x00000000e7842558,0x00000000e7900000)
  from space 29696K, 56% used [0x00000000e9580000,0x00000000ea5f1368,0x00000000eb280000)
  to   space 29184K, 0% used [0x00000000e7900000,0x00000000e7900000,0x00000000e9580000)
 ParOldGen       total 110592K, used 35354K [0x00000000a0000000, 0x00000000a6c00000, 0x00000000e0000000)
  object space 110592K, 31% used [0x00000000a0000000,0x00000000a2286b18,0x00000000a6c00000)
 Metaspace       used 63192K, capacity 65073K, committed 65200K, reserved 1105920K
  class space    used 8542K, capacity 9015K, committed 9136K, reserved 1048576K
Event: 155.493 GC heap after
Heap after GC invocations=26 (full 3):
 PSYoungGen      total 153088K, used 16507K [0x00000000e0000000, 0x00000000edf80000, 0x0000000100000000)
  eden space 123904K, 0% used [0x00000000e0000000,0x00000000e0000000,0x00000000e7900000)
  from space 29184K, 56% used [0x00000000e7900000,0x00000000e891ee60,0x00000000e9580000)
  to   space 28672K, 0% used [0x00000000ec380000,0x00000000ec380000,0x00000000edf80000)
 ParOldGen       total 110592K, used 35354K [0x00000000a0000000, 0x00000000a6c00000, 0x00000000e0000000)
  object space 110592K, 31% used [0x00000000a0000000,0x00000000a2286b18,0x00000000a6c00000)
 Metaspace       used 63192K, capacity 65073K, committed 65200K, reserved 1105920K
  class space    used 8542K, capacity 9015K, committed 9136K, reserved 1048576K
}
Event: 166.853 GC heap before
{Heap before GC invocations=27 (full 3):
 PSYoungGen      total 153088K, used 140411K [0x00000000e0000000, 0x00000000edf80000, 0x0000000100000000)
  eden space 123904K, 100% used [0x00000000e0000000,0x00000000e7900000,0x00000000e7900000)
  from space 29184K, 56% used [0x00000000e7900000,0x00000000e891ee60,0x00000000e9580000)
  to   space 28672K, 0% used [0x00000000ec380000,0x00000000ec380000,0x00000000edf80000)
 ParOldGen       total 110592K, used 35354K [0x00000000a0000000, 0x00000000a6c00000, 0x00000000e0000000)
  object space 110592K, 31% used [0x00000000a0000000,0x00000000a2286b18,0x00000000a6c00000)
 Metaspace       used 65632K, capacity 67783K, committed 67888K, reserved 1107968K
  class space    used 8947K, capacity 9474K, committed 9520K, reserved 1048576K
Event: 166.901 GC heap after
Heap after GC invocations=27 (full 3):
 PSYoungGen      total 199168K, used 6648K [0x00000000e0000000, 0x00000000edf00000, 0x0000000100000000)
  eden space 171008K, 0% used [0x00000000e0000000,0x00000000e0000000,0x00000000ea700000)
  from space 28160K, 23% used [0x00000000ec380000,0x00000000ec9fe248,0x00000000edf00000)
  to   space 28672K, 0% used [0x00000000ea700000,0x00000000ea700000,0x00000000ec300000)
 ParOldGen       total 110592K, used 48608K [0x00000000a0000000, 0x00000000a6c00000, 0x00000000e0000000)
  object space 110592K, 43% used [0x00000000a0000000,0x00000000a2f780f8,0x00000000a6c00000)
 Metaspace       used 65632K, capacity 67783K, committed 67888K, reserved 1107968K
  class space    used 8947K, capacity 9474K, committed 9520K, reserved 1048576K
}
Event: 463.006 GC heap before
{Heap before GC invocations=28 (full 3):
 PSYoungGen      total 199168K, used 177656K [0x00000000e0000000, 0x00000000edf00000, 0x0000000100000000)
  eden space 171008K, 100% used [0x00000000e0000000,0x00000000ea700000,0x00000000ea700000)
  from space 28160K, 23% used [0x00000000ec380000,0x00000000ec9fe248,0x00000000edf00000)
  to   space 28672K, 0% used [0x00000000ea700000,0x00000000ea700000,0x00000000ec300000)
 ParOldGen       total 110592K, used 48608K [0x00000000a0000000, 0x00000000a6c00000, 0x00000000e0000000)
  object space 110592K, 43% used [0x00000000a0000000,0x00000000a2f780f8,0x00000000a6c00000)
 Metaspace       used 69202K, capacity 71451K, committed 71728K, reserved 1112064K
  class space    used 9137K, capacity 9674K, committed 9776K, reserved 1048576K
Event: 463.021 GC heap after
Heap after GC invocations=28 (full 3):
 PSYoungGen      total 199680K, used 9189K [0x00000000e0000000, 0x00000000f0c00000, 0x0000000100000000)
  eden space 171008K, 0% used [0x00000000e0000000,0x00000000e0000000,0x00000000ea700000)
  from space 28672K, 32% used [0x00000000ea700000,0x00000000eaff94e8,0x00000000ec300000)
  to   space 27648K, 0% used [0x00000000ef100000,0x00000000ef100000,0x00000000f0c00000)
 ParOldGen       total 110592K, used 50244K [0x00000000a0000000, 0x00000000a6c00000, 0x00000000e0000000)
  object space 110592K, 45% used [0x00000000a0000000,0x00000000a3111248,0x00000000a6c00000)
 Metaspace       used 69202K, capacity 71451K, committed 71728K, reserved 1112064K
  class space    used 9137K, capacity 9674K, committed 9776K, reserved 1048576K
}
Event: 581.901 GC heap before
{Heap before GC invocations=29 (full 3):
 PSYoungGen      total 199680K, used 180197K [0x00000000e0000000, 0x00000000f0c00000, 0x0000000100000000)
  eden space 171008K, 100% used [0x00000000e0000000,0x00000000ea700000,0x00000000ea700000)
  from space 28672K, 32% used [0x00000000ea700000,0x00000000eaff94e8,0x00000000ec300000)
  to   space 27648K, 0% used [0x00000000ef100000,0x00000000ef100000,0x00000000f0c00000)
 ParOldGen       total 110592K, used 50244K [0x00000000a0000000, 0x00000000a6c00000, 0x00000000e0000000)
  object space 110592K, 45% used [0x00000000a0000000,0x00000000a3111248,0x00000000a6c00000)
 Metaspace       used 74441K, capacity 76879K, committed 76976K, reserved 1116160K
  class space    used 9751K, capacity 10346K, committed 10416K, reserved 1048576K
Event: 581.956 GC heap after
Heap after GC invocations=29 (full 3):
 PSYoungGen      total 245760K, used 20177K [0x00000000e0000000, 0x00000000f0d00000, 0x0000000100000000)
  eden space 218112K, 0% used [0x00000000e0000000,0x00000000e0000000,0x00000000ed500000)
  from space 27648K, 72% used [0x00000000ef100000,0x00000000f04b4410,0x00000000f0c00000)
  to   space 28672K, 0% used [0x00000000ed500000,0x00000000ed500000,0x00000000ef100000)
 ParOldGen       total 110592K, used 50260K [0x00000000a0000000, 0x00000000a6c00000, 0x00000000e0000000)
  object space 110592K, 45% used [0x00000000a0000000,0x00000000a3115248,0x00000000a6c00000)
 Metaspace       used 74441K, capacity 76879K, committed 76976K, reserved 1116160K
  class space    used 9751K, capacity 10346K, committed 10416K, reserved 1048576K
}
Event: 657.667 GC heap before
{Heap before GC invocations=30 (full 3):
 PSYoungGen      total 245760K, used 238289K [0x00000000e0000000, 0x00000000f0d00000, 0x0000000100000000)
  eden space 218112K, 100% used [0x00000000e0000000,0x00000000ed500000,0x00000000ed500000)
  from space 27648K, 72% used [0x00000000ef100000,0x00000000f04b4410,0x00000000f0c00000)
  to   space 28672K, 0% used [0x00000000ed500000,0x00000000ed500000,0x00000000ef100000)
 ParOldGen       total 110592K, used 50260K [0x00000000a0000000, 0x00000000a6c00000, 0x00000000e0000000)
  object space 110592K, 45% used [0x00000000a0000000,0x00000000a3115248,0x00000000a6c00000)
 Metaspace       used 77917K, capacity 80597K, committed 80816K, reserved 1120256K
  class space    used 10049K, capacity 10633K, committed 10672K, reserved 1048576K
Event: 657.723 GC heap after
Heap after GC invocations=30 (full 3):
 PSYoungGen      total 246784K, used 19256K [0x00000000e0000000, 0x00000000f4780000, 0x0000000100000000)
  eden space 218112K, 0% used [0x00000000e0000000,0x00000000e0000000,0x00000000ed500000)
  from space 28672K, 67% used [0x00000000ed500000,0x00000000ee7ce158,0x00000000ef100000)
  to   space 29696K, 0% used [0x00000000f2a80000,0x00000000f2a80000,0x00000000f4780000)
 ParOldGen       total 110592K, used 53195K [0x00000000a0000000, 0x00000000a6c00000, 0x00000000e0000000)
  object space 110592K, 48% used [0x00000000a0000000,0x00000000a33f2e00,0x00000000a6c00000)
 Metaspace       used 77917K, capacity 80597K, committed 80816K, reserved 1120256K
  class space    used 10049K, capacity 10633K, committed 10672K, reserved 1048576K
}

