# JRE version: OpenJDK Runtime Environment (8.0_152-b01) (build 1.8.0_152-release-1248-b01)
# Java VM: OpenJDK 64-Bit Server VM (25.152-b01 mixed mode windows-amd64 compressed oops)
Heap:
 PSYoungGen      total 92160K, used 60362K [0x00000000e0000000, 0x00000000e7980000, 0x0000000100000000)
  eden space 79360K, 59% used [0x00000000e0000000,0x00000000e2e792e0,0x00000000e4d80000)
  from space 12800K, 99% used [0x00000000e4d80000,0x00000000e59f9600,0x00000000e5a00000)
  to   space 14848K, 0% used [0x00000000e6b00000,0x00000000e6b00000,0x00000000e7980000)
 ParOldGen       total 100864K, used 17332K [0x00000000a0000000, 0x00000000a6280000, 0x00000000e0000000)
  object space 100864K, 17% used [0x00000000a0000000,0x00000000a10ed068,0x00000000a6280000)
 Metaspace       used 50255K, capacity 51358K, committed 51376K, reserved 1093632K
  class space    used 6758K, capacity 7084K, committed 7088K, reserved 1048576K
GC Heap History (10 events):
Event: 19.494 GC heap before
{Heap before GC invocations=9 (full 1):
 PSYoungGen      total 70656K, used 65810K [0x00000000e0000000, 0x00000000e5800000, 0x0000000100000000)
  eden space 59392K, 100% used [0x00000000e0000000,0x00000000e3a00000,0x00000000e3a00000)
  from space 11264K, 56% used [0x00000000e3a00000,0x00000000e4044ad0,0x00000000e4500000)
  to   space 10752K, 0% used [0x00000000e4d80000,0x00000000e4d80000,0x00000000e5800000)
 ParOldGen       total 64512K, used 9453K [0x00000000a0000000, 0x00000000a3f00000, 0x00000000e0000000)
  object space 64512K, 14% used [0x00000000a0000000,0x00000000a093b6a8,0x00000000a3f00000)
 Metaspace       used 31343K, capacity 31796K, committed 32048K, reserved 1077248K
  class space    used 4386K, capacity 4589K, committed 4656K, reserved 1048576K
Event: 19.503 GC heap after
Heap after GC invocations=9 (full 1):
 PSYoungGen      total 78848K, used 9354K [0x00000000e0000000, 0x00000000e6480000, 0x0000000100000000)
  eden space 68096K, 0% used [0x00000000e0000000,0x00000000e0000000,0x00000000e4280000)
  from space 10752K, 86% used [0x00000000e4d80000,0x00000000e56a2878,0x00000000e5800000)
  to   space 11264K, 0% used [0x00000000e4280000,0x00000000e4280000,0x00000000e4d80000)
 ParOldGen       total 64512K, used 9461K [0x00000000a0000000, 0x00000000a3f00000, 0x00000000e0000000)
  object space 64512K, 14% used [0x00000000a0000000,0x00000000a093d6a8,0x00000000a3f00000)
 Metaspace       used 31343K, capacity 31796K, committed 32048K, reserved 1077248K
  class space    used 4386K, capacity 4589K, committed 4656K, reserved 1048576K
}
Event: 25.352 GC heap before
{Heap before GC invocations=10 (full 1):
 PSYoungGen      total 78848K, used 30574K [0x00000000e0000000, 0x00000000e6480000, 0x0000000100000000)
  eden space 68096K, 31% used [0x00000000e0000000,0x00000000e14b90e8,0x00000000e4280000)
  from space 10752K, 86% used [0x00000000e4d80000,0x00000000e56a2878,0x00000000e5800000)
  to   space 11264K, 0% used [0x00000000e4280000,0x00000000e4280000,0x00000000e4d80000)
 ParOldGen       total 64512K, used 9461K [0x00000000a0000000, 0x00000000a3f00000, 0x00000000e0000000)
  object space 64512K, 14% used [0x00000000a0000000,0x00000000a093d6a8,0x00000000a3f00000)
 Metaspace       used 34827K, capacity 35314K, committed 35496K, reserved 1079296K
  class space    used 4856K, capacity 5061K, committed 5168K, reserved 1048576K
Event: 25.361 GC heap after
Heap after GC invocations=10 (full 1):
 PSYoungGen      total 79360K, used 8900K [0x00000000e0000000, 0x00000000e6580000, 0x0000000100000000)
  eden space 68096K, 0% used [0x00000000e0000000,0x00000000e0000000,0x00000000e4280000)
  from space 11264K, 79% used [0x00000000e4280000,0x00000000e4b31218,0x00000000e4d80000)
  to   space 11776K, 0% used [0x00000000e5a00000,0x00000000e5a00000,0x00000000e6580000)
 ParOldGen       total 64512K, used 9469K [0x00000000a0000000, 0x00000000a3f00000, 0x00000000e0000000)
  object space 64512K, 14% used [0x00000000a0000000,0x00000000a093f6a8,0x00000000a3f00000)
 Metaspace       used 34827K, capacity 35314K, committed 35496K, reserved 1079296K
  class space    used 4856K, capacity 5061K, committed 5168K, reserved 1048576K
}
Event: 25.361 GC heap before
{Heap before GC invocations=11 (full 2):
 PSYoungGen      total 79360K, used 8900K [0x00000000e0000000, 0x00000000e6580000, 0x0000000100000000)
  eden space 68096K, 0% used [0x00000000e0000000,0x00000000e0000000,0x00000000e4280000)
  from space 11264K, 79% used [0x00000000e4280000,0x00000000e4b31218,0x00000000e4d80000)
  to   space 11776K, 0% used [0x00000000e5a00000,0x00000000e5a00000,0x00000000e6580000)
 ParOldGen       total 64512K, used 9469K [0x00000000a0000000, 0x00000000a3f00000, 0x00000000e0000000)
  object space 64512K, 14% used [0x00000000a0000000,0x00000000a093f6a8,0x00000000a3f00000)
 Metaspace       used 34827K, capacity 35314K, committed 35496K, reserved 1079296K
  class space    used 4856K, capacity 5061K, committed 5168K, reserved 1048576K
Event: 25.444 GC heap after
Heap after GC invocations=11 (full 2):
 PSYoungGen      total 79360K, used 0K [0x00000000e0000000, 0x00000000e6580000, 0x0000000100000000)
  eden space 68096K, 0% used [0x00000000e0000000,0x00000000e0000000,0x00000000e4280000)
  from space 11264K, 0% used [0x00000000e4280000,0x00000000e4280000,0x00000000e4d80000)
  to   space 11776K, 0% used [0x00000000e5a00000,0x00000000e5a00000,0x00000000e6580000)
 ParOldGen       total 100864K, used 15710K [0x00000000a0000000, 0x00000000a6280000, 0x00000000e0000000)
  object space 100864K, 15% used [0x00000000a0000000,0x00000000a0f57b00,0x00000000a6280000)
 Metaspace       used 34827K, capacity 35314K, committed 35496K, reserved 1079296K
  class space    used 4856K, capacity 5061K, committed 5168K, reserved 1048576K
}
Event: 32.467 GC heap before
{Heap before GC invocations=12 (full 2):
 PSYoungGen      total 79360K, used 68096K [0x00000000e0000000, 0x00000000e6580000, 0x0000000100000000)
  eden space 68096K, 100% used [0x00000000e0000000,0x00000000e4280000,0x00000000e4280000)
  from space 11264K, 0% used [0x00000000e4280000,0x00000000e4280000,0x00000000e4d80000)
  to   space 11776K, 0% used [0x00000000e5a00000,0x00000000e5a00000,0x00000000e6580000)
 ParOldGen       total 100864K, used 15710K [0x00000000a0000000, 0x00000000a6280000, 0x00000000e0000000)
  object space 100864K, 15% used [0x00000000a0000000,0x00000000a0f57b00,0x00000000a6280000)
 Metaspace       used 41590K, capacity 42252K, committed 42544K, reserved 1085440K
  class space    used 5616K, capacity 5890K, committed 5936K, reserved 1048576K
Event: 32.478 GC heap after
Heap after GC invocations=12 (full 2):
 PSYoungGen      total 91136K, used 10931K [0x00000000e0000000, 0x00000000e6980000, 0x0000000100000000)
  eden space 79360K, 0% used [0x00000000e0000000,0x00000000e0000000,0x00000000e4d80000)
  from space 11776K, 92% used [0x00000000e5a00000,0x00000000e64acf20,0x00000000e6580000)
  to   space 12800K, 0% used [0x00000000e4d80000,0x00000000e4d80000,0x00000000e5a00000)
 ParOldGen       total 100864K, used 15718K [0x00000000a0000000, 0x00000000a6280000, 0x00000000e0000000)
  object space 100864K, 15% used [0x00000000a0000000,0x00000000a0f59b00,0x00000000a6280000)
 Metaspace       used 41590K, capacity 42252K, committed 42544K, reserved 1085440K
  class space    used 5616K, capacity 5890K, committed 5936K, reserved 1048576K
}
Event: 41.037 GC heap before
{Heap before GC invocations=13 (full 2):
 PSYoungGen      total 91136K, used 90291K [0x00000000e0000000, 0x00000000e6980000, 0x0000000100000000)
  eden space 79360K, 100% used [0x00000000e0000000,0x00000000e4d80000,0x00000000e4d80000)
  from space 11776K, 92% used [0x00000000e5a00000,0x00000000e64acf20,0x00000000e6580000)
  to   space 12800K, 0% used [0x00000000e4d80000,0x00000000e4d80000,0x00000000e5a00000)
 ParOldGen       total 100864K, used 15718K [0x00000000a0000000, 0x00000000a6280000, 0x00000000e0000000)
  object space 100864K, 15% used [0x00000000a0000000,0x00000000a0f59b00,0x00000000a6280000)
 Metaspace       used 48119K, capacity 48988K, committed 49328K, reserved 1091584K
  class space    used 6528K, capacity 6831K, committed 6832K, reserved 1048576K
Event: 41.058 GC heap after
Heap after GC invocations=13 (full 2):
 PSYoungGen      total 92160K, used 12773K [0x00000000e0000000, 0x00000000e7980000, 0x0000000100000000)
  eden space 79360K, 0% used [0x00000000e0000000,0x00000000e0000000,0x00000000e4d80000)
  from space 12800K, 99% used [0x00000000e4d80000,0x00000000e59f9600,0x00000000e5a00000)
  to   space 14848K, 0% used [0x00000000e6b00000,0x00000000e6b00000,0x00000000e7980000)
 ParOldGen       total 100864K, used 17332K [0x00000000a0000000, 0x00000000a6280000, 0x00000000e0000000)
  object space 100864K, 17% used [0x00000000a0000000,0x00000000a10ed068,0x00000000a6280000)
 Metaspace       used 48119K, capacity 48988K, committed 49328K, reserved 1091584K
  class space    used 6528K, capacity 6831K, committed 6832K, reserved 1048576K
}

